<?xml version="1.0" encoding="utf-8"?>
<TestRun id="1044a157-0cc7-4508-ae42-afd5b6e8de7e" name="Odin@ODIN 2025-04-01 20:17:47" runUser="ODIN\Odin" xmlns="http://microsoft.com/schemas/VisualStudio/TeamTest/2010">
  <Times creation="2025-04-01T20:17:47.9872620-03:00" queuing="2025-04-01T20:17:47.9872621-03:00" start="2025-04-01T20:17:47.2343466-03:00" finish="2025-04-01T20:17:47.9906437-03:00" />
  <TestSettings name="default" id="81ccf639-2af4-45a1-bdc0-7162321eafe3">
    <Deployment runDeploymentRoot="Odin_ODIN_2025-04-01_20_17_47" />
  </TestSettings>
  <Results>
    <UnitTestResult executionId="5d2e8892-ae4a-43c5-83f7-cb23351414c6" testId="cf68c557-e591-2045-5653-0c52fbcaacbf" testName="TestMethod1" computerName="ODIN" duration="00:00:00.0408941" startTime="2025-04-01T20:17:47.7924188-03:00" endTime="2025-04-01T20:17:47.8403954-03:00" testType="13cdc9d9-ddb5-4fa4-a97d-d965ccfc6d4b" outcome="Passed" testListId="8c84fa94-04c1-424b-9868-57a2d4851a1d" relativeResultsDirectory="5d2e8892-ae4a-43c5-83f7-cb23351414c6" />
  </Results>
  <TestDefinitions>
    <UnitTest name="TestMethod1" storage="c:\users\odin\documents\github\codequality\worflows\workflows-test\tests\test.unittests\bin\release\net8.0\test.unittests.dll" id="cf68c557-e591-2045-5653-0c52fbcaacbf">
      <Execution id="5d2e8892-ae4a-43c5-83f7-cb23351414c6" />
      <TestMethod codeBase="C:\Users\Odin\Documents\GitHub\CodeQuality\Worflows\workflows-test\tests\Test.UnitTests\bin\Release\net8.0\Test.UnitTests.dll" adapterTypeName="executor://mstestadapter/v2" className="Test.UnitTests.UnitTest1" name="TestMethod1" />
    </UnitTest>
  </TestDefinitions>
  <TestEntries>
    <TestEntry testId="cf68c557-e591-2045-5653-0c52fbcaacbf" executionId="5d2e8892-ae4a-43c5-83f7-cb23351414c6" testListId="8c84fa94-04c1-424b-9868-57a2d4851a1d" />
  </TestEntries>
  <TestLists>
    <TestList name="Results Not in a List" id="8c84fa94-04c1-424b-9868-57a2d4851a1d" />
    <TestList name="All Loaded Results" id="19431567-8539-422a-85d7-44ee4e166bda" />
  </TestLists>
  <ResultSummary outcome="Completed">
    <Counters total="1" executed="1" passed="1" failed="0" error="0" timeout="0" aborted="0" inconclusive="0" passedButRunAborted="0" notRunnable="0" notExecuted="0" disconnected="0" warning="0" completed="0" inProgress="0" pending="0" />
    <CollectorDataEntries>
      <Collector agentName="ODIN" uri="datacollector://microsoft/CoverletCodeCoverage/1.0" collectorDisplayName="XPlat code coverage">
        <UriAttachments>
          <UriAttachment>
            <A href="ODIN\coverage.cobertura.xml"></A>
          </UriAttachment>
        </UriAttachments>
      </Collector>
    </CollectorDataEntries>
  </ResultSummary>
</TestRun>