<?xml version="1.0" encoding="utf-8"?>
<TestRun id="1c814396-c0e5-4e53-a2ad-8cc072cb4175" name="Odin@ODIN 2025-04-01 20:17:48" runUser="ODIN\Odin" xmlns="http://microsoft.com/schemas/VisualStudio/TeamTest/2010">
  <Times creation="2025-04-01T20:17:48.9753195-03:00" queuing="2025-04-01T20:17:48.9753196-03:00" start="2025-04-01T20:17:47.9723081-03:00" finish="2025-04-01T20:17:48.9777139-03:00" />
  <TestSettings name="default" id="1a1176e8-6684-4523-85b6-926dccf17bb0">
    <Deployment runDeploymentRoot="Odin_ODIN_2025-04-01_20_17_48" />
  </TestSettings>
  <Results>
    <UnitTestResult executionId="535029be-e53a-4eaf-9a76-82f67054d9d3" testId="050e8ae2-a3b7-e0f6-4dda-02aa7e1ae70a" testName="TestMethod1" computerName="ODIN" duration="00:00:00.2828137" startTime="2025-04-01T20:17:48.5216468-03:00" endTime="2025-04-01T20:17:48.8107606-03:00" testType="13cdc9d9-ddb5-4fa4-a97d-d965ccfc6d4b" outcome="Passed" testListId="8c84fa94-04c1-424b-9868-57a2d4851a1d" relativeResultsDirectory="535029be-e53a-4eaf-9a76-82f67054d9d3" />
  </Results>
  <TestDefinitions>
    <UnitTest name="TestMethod1" storage="c:\users\odin\documents\github\codequality\worflows\workflows-test\tests\test.integrationtests\bin\release\net8.0\test.integrationtests.dll" id="050e8ae2-a3b7-e0f6-4dda-02aa7e1ae70a">
      <Execution id="535029be-e53a-4eaf-9a76-82f67054d9d3" />
      <TestMethod codeBase="C:\Users\Odin\Documents\GitHub\CodeQuality\Worflows\workflows-test\tests\Test.IntegrationTests\bin\Release\net8.0\Test.IntegrationTests.dll" adapterTypeName="executor://mstestadapter/v2" className="Test.IntegrationTests.UnitTest1" name="TestMethod1" />
    </UnitTest>
  </TestDefinitions>
  <TestEntries>
    <TestEntry testId="050e8ae2-a3b7-e0f6-4dda-02aa7e1ae70a" executionId="535029be-e53a-4eaf-9a76-82f67054d9d3" testListId="8c84fa94-04c1-424b-9868-57a2d4851a1d" />
  </TestEntries>
  <TestLists>
    <TestList name="Results Not in a List" id="8c84fa94-04c1-424b-9868-57a2d4851a1d" />
    <TestList name="All Loaded Results" id="19431567-8539-422a-85d7-44ee4e166bda" />
  </TestLists>
  <ResultSummary outcome="Completed">
    <Counters total="1" executed="1" passed="1" failed="0" error="0" timeout="0" aborted="0" inconclusive="0" passedButRunAborted="0" notRunnable="0" notExecuted="0" disconnected="0" warning="0" completed="0" inProgress="0" pending="0" />
    <CollectorDataEntries>
      <Collector agentName="ODIN" uri="datacollector://microsoft/CoverletCodeCoverage/1.0" collectorDisplayName="XPlat code coverage">
        <UriAttachments>
          <UriAttachment>
            <A href="ODIN\coverage.cobertura.xml"></A>
          </UriAttachment>
        </UriAttachments>
      </Collector>
    </CollectorDataEntries>
  </ResultSummary>
</TestRun>